<?xml version="1.0" encoding="UTF-8"?>
<!-- Generated by org.testng.reporters.JUnitXMLReporter -->
<testsuite hostname="KH014104" ignored="0" name="TestNGAutomationAddressBookWebSite" tests="2" failures="1" timestamp="05 Dec 2019 13:20:44 GMT" time="35.298" errors="0">
  <testcase name="validatePageTitle" time="0.023" classname="com.testng.listner.testcases.AddrBookNewAddresCreationTest">
    <failure type="java.lang.AssertionError" message="expected [Addressss Book] but found [Address Book]">
      <![CDATA[java.lang.AssertionError: expected [Addressss Book] but found [Address Book]
at com.testng.listner.testcases.AddrBookNewAddresCreationTest.validatePageTitle(AddrBookNewAddresCreationTest.java:62)
... Removed 31 stack frames]]>
    </failure>
  </testcase> <!-- validatePageTitle -->
  <testcase name="addNewAddressCust" time="7.292" classname="com.testng.listner.testcases.AddrBookNewAddresCreationTest"/>
</testsuite> <!-- TestNGAutomationAddressBookWebSite -->
