<?xml version="1.0" encoding="UTF-8"?>
<testng-results skipped="0" failed="1" ignored="0" total="2" passed="1">
  <reporter-output>
  </reporter-output>
  <suite name="TestNGAutomationAddressBookWebsite" duration-ms="35298" started-at="2019-12-05T13:20:09Z" finished-at="2019-12-05T13:20:44Z">
    <groups>
    </groups>
    <test name="TestNGAutomationAddressBookWebSite" duration-ms="35298" started-at="2019-12-05T13:20:09Z" finished-at="2019-12-05T13:20:44Z">
      <class name="com.testng.listner.testcases.AddrBookNewAddresCreationTest">
        <test-method status="PASS" signature="setExtentReports()[pri:0, instance:com.testng.listner.testcases.AddrBookNewAddresCreationTest@2f686d1f]" name="setExtentReports" is-config="true" duration-ms="146" started-at="2019-12-05T13:20:09Z" finished-at="2019-12-05T13:20:09Z">
          <reporter-output>
          </reporter-output>
        </test-method> <!-- setExtentReports -->
        <test-method status="PASS" signature="setUp(java.lang.String)[pri:0, instance:com.testng.listner.testcases.AddrBookNewAddresCreationTest@2f686d1f]" name="setUp" is-config="true" duration-ms="13021" started-at="2019-12-05T13:20:09Z" finished-at="2019-12-05T13:20:22Z">
          <params>
            <param index="0">
              <value>
                <![CDATA[chrome]]>
              </value>
            </param>
          </params>
          <reporter-output>
          </reporter-output>
        </test-method> <!-- setUp -->
        <test-method status="FAIL" signature="validatePageTitle()[pri:1, instance:com.testng.listner.testcases.AddrBookNewAddresCreationTest@2f686d1f]" name="validatePageTitle" duration-ms="23" started-at="2019-12-05T13:20:22Z" finished-at="2019-12-05T13:20:22Z">
          <exception class="java.lang.AssertionError">
            <message>
              <![CDATA[expected [Addressss Book] but found [Address Book]]]>
            </message>
            <full-stacktrace>
              <![CDATA[java.lang.AssertionError: expected [Addressss Book] but found [Address Book]
at org.testng.Assert.fail(Assert.java:96)
at org.testng.Assert.failNotEquals(Assert.java:776)
at org.testng.Assert.assertEqualsImpl(Assert.java:137)
at org.testng.Assert.assertEquals(Assert.java:118)
at org.testng.Assert.assertEquals(Assert.java:453)
at org.testng.Assert.assertEquals(Assert.java:463)
at com.testng.listner.testcases.AddrBookNewAddresCreationTest.validatePageTitle(AddrBookNewAddresCreationTest.java:62)
at sun.reflect.NativeMethodAccessorImpl.invoke0(Native Method)
at sun.reflect.NativeMethodAccessorImpl.invoke(NativeMethodAccessorImpl.java:62)
at sun.reflect.DelegatingMethodAccessorImpl.invoke(DelegatingMethodAccessorImpl.java:43)
at java.lang.reflect.Method.invoke(Method.java:498)
at org.testng.internal.MethodInvocationHelper.invokeMethod(MethodInvocationHelper.java:124)
at org.testng.internal.Invoker.invokeMethod(Invoker.java:583)
at org.testng.internal.Invoker.invokeTestMethod(Invoker.java:719)
at org.testng.internal.Invoker.invokeTestMethods(Invoker.java:989)
at org.testng.internal.TestMethodWorker.invokeTestMethods(TestMethodWorker.java:125)
at org.testng.internal.TestMethodWorker.run(TestMethodWorker.java:109)
at org.testng.TestRunner.privateRun(TestRunner.java:648)
at org.testng.TestRunner.run(TestRunner.java:505)
at org.testng.SuiteRunner.runTest(SuiteRunner.java:455)
at org.testng.SuiteRunner.runSequentially(SuiteRunner.java:450)
at org.testng.SuiteRunner.privateRun(SuiteRunner.java:415)
at org.testng.SuiteRunner.run(SuiteRunner.java:364)
at org.testng.SuiteRunnerWorker.runSuite(SuiteRunnerWorker.java:52)
at org.testng.SuiteRunnerWorker.run(SuiteRunnerWorker.java:84)
at org.testng.TestNG.runSuitesSequentially(TestNG.java:1208)
at org.testng.TestNG.runSuitesLocally(TestNG.java:1137)
at org.testng.TestNG.runSuites(TestNG.java:1049)
at org.testng.TestNG.run(TestNG.java:1017)
at org.testng.remote.AbstractRemoteTestNG.run(AbstractRemoteTestNG.java:114)
at org.testng.remote.RemoteTestNG.initAndRun(RemoteTestNG.java:251)
at org.testng.remote.RemoteTestNG.main(RemoteTestNG.java:77)
]]>
            </full-stacktrace>
          </exception> <!-- java.lang.AssertionError -->
          <reporter-output>
          </reporter-output>
        </test-method> <!-- validatePageTitle -->
        <test-method status="PASS" signature="teardown(org.testng.ITestResult)[pri:0, instance:com.testng.listner.testcases.AddrBookNewAddresCreationTest@2f686d1f]" name="teardown" is-config="true" duration-ms="1286" started-at="2019-12-05T13:20:22Z" finished-at="2019-12-05T13:20:23Z">
          <params>
            <param index="0">
              <value>
                <![CDATA[[TestResult name=validatePageTitle status=FAILURE method=AddrBookNewAddresCreationTest.validatePageTitle()[pri:1, instance:com.testng.listner.testcases.AddrBookNewAddresCreationTest@2f686d1f] output={null}]]]>
              </value>
            </param>
          </params>
          <reporter-output>
          </reporter-output>
        </test-method> <!-- teardown -->
        <test-method status="PASS" signature="setUp(java.lang.String)[pri:0, instance:com.testng.listner.testcases.AddrBookNewAddresCreationTest@2f686d1f]" name="setUp" is-config="true" duration-ms="11664" started-at="2019-12-05T13:20:24Z" finished-at="2019-12-05T13:20:35Z">
          <params>
            <param index="0">
              <value>
                <![CDATA[chrome]]>
              </value>
            </param>
          </params>
          <reporter-output>
          </reporter-output>
        </test-method> <!-- setUp -->
        <test-method status="PASS" signature="addNewAddressCust(java.lang.String, java.lang.String, java.lang.String, java.lang.String, java.lang.String, java.lang.String, java.lang.String, java.lang.String, java.lang.String, java.lang.String)[pri:2, instance:com.testng.listner.testcases.AddrBookNewAddresCreationTest@2f686d1f]" name="addNewAddressCust" duration-ms="7292" started-at="2019-12-05T13:20:35Z" data-provider="getDataFromExcel" finished-at="2019-12-05T13:20:43Z">
          <params>
            <param index="0">
              <value>
                <![CDATA[YGHTestDS]]>
              </value>
            </param>
            <param index="1">
              <value>
                <![CDATA[YGHTestWS]]>
              </value>
            </param>
            <param index="2">
              <value>
                <![CDATA[TestAvenueData]]>
              </value>
            </param>
            <param index="3">
              <value>
                <![CDATA[TestSecondaryAddr]]>
              </value>
            </param>
            <param index="4">
              <value>
                <![CDATA[Manchester]]>
              </value>
            </param>
            <param index="5">
              <value>
                <![CDATA[AL]]>
              </value>
            </param>
            <param index="6">
              <value>
                <![CDATA[87878]]>
              </value>
            </param>
            <param index="7">
              <value>
                <![CDATA[12/02/2009]]>
              </value>
            </param>
            <param index="8">
              <value>
                <![CDATA[32]]>
              </value>
            </param>
            <param index="9">
              <value>
                <![CDATA[900090909]]>
              </value>
            </param>
          </params>
          <reporter-output>
          </reporter-output>
        </test-method> <!-- addNewAddressCust -->
        <test-method status="PASS" signature="teardown(org.testng.ITestResult)[pri:0, instance:com.testng.listner.testcases.AddrBookNewAddresCreationTest@2f686d1f]" name="teardown" is-config="true" duration-ms="1084" started-at="2019-12-05T13:20:43Z" finished-at="2019-12-05T13:20:44Z">
          <params>
            <param index="0">
              <value>
                <![CDATA[[TestResult name=addNewAddressCust status=SUCCESS method=AddrBookNewAddresCreationTest.addNewAddressCust(java.lang.String, java.lang.String, java.lang.String, java.lang.String, java.lang.String, java.lang.String, java.lang.String, java.lang.String, java.lang.String, java.lang.String)[pri:2, instance:com.testng.listner.testcases.AddrBookNewAddresCreationTest@2f686d1f] output={null}]]]>
              </value>
            </param>
          </params>
          <reporter-output>
          </reporter-output>
        </test-method> <!-- teardown -->
        <test-method status="PASS" signature="endReport()[pri:0, instance:com.testng.listner.testcases.AddrBookNewAddresCreationTest@2f686d1f]" name="endReport" is-config="true" duration-ms="239" started-at="2019-12-05T13:20:44Z" finished-at="2019-12-05T13:20:44Z">
          <reporter-output>
          </reporter-output>
        </test-method> <!-- endReport -->
      </class> <!-- com.testng.listner.testcases.AddrBookNewAddresCreationTest -->
    </test> <!-- TestNGAutomationAddressBookWebSite -->
  </suite> <!-- TestNGAutomationAddressBookWebsite -->
</testng-results>
